# JRE version: Java(TM) SE Runtime Environment (8.0_66-b17) (build 1.8.0_66-b17)
# Java VM: Java HotSpot(TM) 64-Bit Server VM (25.66-b17 mixed mode linux-amd64 compressed oops)
Heap:
 PSYoungGen      total 495104K, used 404638K [0x00000000d5580000, 0x00000000f9c00000, 0x0000000100000000)
  eden space 429568K, 86% used [0x00000000d5580000,0x00000000ec000cb8,0x00000000ef900000)
  from space 65536K, 51% used [0x00000000f5c00000,0x00000000f7ca6de8,0x00000000f9c00000)
  to   space 83456K, 0% used [0x00000000ef900000,0x00000000ef900000,0x00000000f4a80000)
 ParOldGen       total 479744K, used 151190K [0x0000000080000000, 0x000000009d480000, 0x00000000d5580000)
  object space 479744K, 31% used [0x0000000080000000,0x00000000893a58f8,0x000000009d480000)
 Metaspace       used 48960K, capacity 50237K, committed 50560K, reserved 1093632K
  class space    used 5990K, capacity 6271K, committed 6272K, reserved 1048576K
GC Heap History (10 events):
Event: 6.117 GC heap before
{Heap before GC invocations=8 (full 2):
 PSYoungGen      total 347648K, used 68595K [0x00000000d5580000, 0x00000000f8b00000, 0x0000000100000000)
  eden space 279040K, 0% used [0x00000000d5580000,0x00000000d5580000,0x00000000e6600000)
  from space 68608K, 99% used [0x00000000ec480000,0x00000000f077cf70,0x00000000f0780000)
  to   space 96768K, 0% used [0x00000000e6600000,0x00000000e6600000,0x00000000ec480000)
 ParOldGen       total 349696K, used 102194K [0x0000000080000000, 0x0000000095580000, 0x00000000d5580000)
  object space 349696K, 29% used [0x0000000080000000,0x00000000863cca60,0x0000000095580000)
 Metaspace       used 34440K, capacity 35401K, committed 35416K, reserved 1079296K
  class space    used 4447K, capacity 4721K, committed 4736K, reserved 1048576K
Event: 6.286 GC heap after
Heap after GC invocations=8 (full 2):
 PSYoungGen      total 347648K, used 0K [0x00000000d5580000, 0x00000000f8b00000, 0x0000000100000000)
  eden space 279040K, 0% used [0x00000000d5580000,0x00000000d5580000,0x00000000e6600000)
  from space 68608K, 0% used [0x00000000ec480000,0x00000000ec480000,0x00000000f0780000)
  to   space 96768K, 0% used [0x00000000e6600000,0x00000000e6600000,0x00000000ec480000)
 ParOldGen       total 479744K, used 151150K [0x0000000080000000, 0x000000009d480000, 0x00000000d5580000)
  object space 479744K, 31% used [0x0000000080000000,0x000000008939b8f8,0x000000009d480000)
 Metaspace       used 34440K, capacity 35401K, committed 35416K, reserved 1079296K
  class space    used 4447K, capacity 4721K, committed 4736K, reserved 1048576K
}
Event: 7.391 GC heap before
{Heap before GC invocations=9 (full 2):
 PSYoungGen      total 347648K, used 279040K [0x00000000d5580000, 0x00000000f8b00000, 0x0000000100000000)
  eden space 279040K, 100% used [0x00000000d5580000,0x00000000e6600000,0x00000000e6600000)
  from space 68608K, 0% used [0x00000000ec480000,0x00000000ec480000,0x00000000f0780000)
  to   space 96768K, 0% used [0x00000000e6600000,0x00000000e6600000,0x00000000ec480000)
 ParOldGen       total 479744K, used 151150K [0x0000000080000000, 0x000000009d480000, 0x00000000d5580000)
  object space 479744K, 31% used [0x0000000080000000,0x000000008939b8f8,0x000000009d480000)
 Metaspace       used 43621K, capacity 44865K, committed 45184K, reserved 1089536K
  class space    used 5407K, capacity 5699K, committed 5760K, reserved 1048576K
Event: 7.401 GC heap after
Heap after GC invocations=9 (full 2):
 PSYoungGen      total 375808K, used 16899K [0x00000000d5580000, 0x00000000f8600000, 0x0000000100000000)
  eden space 279040K, 0% used [0x00000000d5580000,0x00000000d5580000,0x00000000e6600000)
  from space 96768K, 17% used [0x00000000e6600000,0x00000000e7680f48,0x00000000ec480000)
  to   space 93696K, 0% used [0x00000000f2a80000,0x00000000f2a80000,0x00000000f8600000)
 ParOldGen       total 479744K, used 151166K [0x0000000080000000, 0x000000009d480000, 0x00000000d5580000)
  object space 479744K, 31% used [0x0000000080000000,0x000000008939f8f8,0x000000009d480000)
 Metaspace       used 43621K, capacity 44865K, committed 45184K, reserved 1089536K
  class space    used 5407K, capacity 5699K, committed 5760K, reserved 1048576K
}
Event: 8.406 GC heap before
{Heap before GC invocations=10 (full 2):
 PSYoungGen      total 375808K, used 295939K [0x00000000d5580000, 0x00000000f8600000, 0x0000000100000000)
  eden space 279040K, 100% used [0x00000000d5580000,0x00000000e6600000,0x00000000e6600000)
  from space 96768K, 17% used [0x00000000e6600000,0x00000000e7680f48,0x00000000ec480000)
  to   space 93696K, 0% used [0x00000000f2a80000,0x00000000f2a80000,0x00000000f8600000)
 ParOldGen       total 479744K, used 151166K [0x0000000080000000, 0x000000009d480000, 0x00000000d5580000)
  object space 479744K, 31% used [0x0000000080000000,0x000000008939f8f8,0x000000009d480000)
 Metaspace       used 45917K, capacity 47221K, committed 47488K, reserved 1091584K
  class space    used 5704K, capacity 5939K, committed 6016K, reserved 1048576K
Event: 8.415 GC heap after
Heap after GC invocations=10 (full 2):
 PSYoungGen      total 450560K, used 13933K [0x00000000d5580000, 0x00000000f7500000, 0x0000000100000000)
  eden space 374272K, 0% used [0x00000000d5580000,0x00000000d5580000,0x00000000ec300000)
  from space 76288K, 18% used [0x00000000f2a80000,0x00000000f381b590,0x00000000f7500000)
  to   space 91136K, 0% used [0x00000000ec300000,0x00000000ec300000,0x00000000f1c00000)
 ParOldGen       total 479744K, used 151174K [0x0000000080000000, 0x000000009d480000, 0x00000000d5580000)
  object space 479744K, 31% used [0x0000000080000000,0x00000000893a18f8,0x000000009d480000)
 Metaspace       used 45917K, capacity 47221K, committed 47488K, reserved 1091584K
  class space    used 5704K, capacity 5939K, committed 6016K, reserved 1048576K
}
Event: 9.278 GC heap before
{Heap before GC invocations=11 (full 2):
 PSYoungGen      total 450560K, used 388205K [0x00000000d5580000, 0x00000000f7500000, 0x0000000100000000)
  eden space 374272K, 100% used [0x00000000d5580000,0x00000000ec300000,0x00000000ec300000)
  from space 76288K, 18% used [0x00000000f2a80000,0x00000000f381b590,0x00000000f7500000)
  to   space 91136K, 0% used [0x00000000ec300000,0x00000000ec300000,0x00000000f1c00000)
 ParOldGen       total 479744K, used 151174K [0x0000000080000000, 0x000000009d480000, 0x00000000d5580000)
  object space 479744K, 31% used [0x0000000080000000,0x00000000893a18f8,0x000000009d480000)
 Metaspace       used 46284K, capacity 47579K, committed 47744K, reserved 1091584K
  class space    used 5724K, capacity 5972K, committed 6016K, reserved 1048576K
Event: 9.285 GC heap after
Heap after GC invocations=11 (full 2):
 PSYoungGen      total 465408K, used 13060K [0x00000000d5580000, 0x00000000fb280000, 0x0000000100000000)
  eden space 374272K, 0% used [0x00000000d5580000,0x00000000d5580000,0x00000000ec300000)
  from space 91136K, 14% used [0x00000000ec300000,0x00000000ecfc1230,0x00000000f1c00000)
  to   space 88576K, 0% used [0x00000000f5c00000,0x00000000f5c00000,0x00000000fb280000)
 ParOldGen       total 479744K, used 151182K [0x0000000080000000, 0x000000009d480000, 0x00000000d5580000)
  object space 479744K, 31% used [0x0000000080000000,0x00000000893a38f8,0x000000009d480000)
 Metaspace       used 46284K, capacity 47579K, committed 47744K, reserved 1091584K
  class space    used 5724K, capacity 5972K, committed 6016K, reserved 1048576K
}
Event: 43.009 GC heap before
{Heap before GC invocations=12 (full 2):
 PSYoungGen      total 465408K, used 387332K [0x00000000d5580000, 0x00000000fb280000, 0x0000000100000000)
  eden space 374272K, 100% used [0x00000000d5580000,0x00000000ec300000,0x00000000ec300000)
  from space 91136K, 14% used [0x00000000ec300000,0x00000000ecfc1230,0x00000000f1c00000)
  to   space 88576K, 0% used [0x00000000f5c00000,0x00000000f5c00000,0x00000000fb280000)
 ParOldGen       total 479744K, used 151182K [0x0000000080000000, 0x000000009d480000, 0x00000000d5580000)
  object space 479744K, 31% used [0x0000000080000000,0x00000000893a38f8,0x000000009d480000)
 Metaspace       used 47616K, capacity 48991K, committed 49152K, reserved 1091584K
  class space    used 5862K, capacity 6138K, committed 6144K, reserved 1048576K
Event: 43.027 GC heap after
Heap after GC invocations=12 (full 2):
 PSYoungGen      total 495104K, used 33435K [0x00000000d5580000, 0x00000000f9c00000, 0x0000000100000000)
  eden space 429568K, 0% used [0x00000000d5580000,0x00000000d5580000,0x00000000ef900000)
  from space 65536K, 51% used [0x00000000f5c00000,0x00000000f7ca6de8,0x00000000f9c00000)
  to   space 83456K, 0% used [0x00000000ef900000,0x00000000ef900000,0x00000000f4a80000)
 ParOldGen       total 479744K, used 151190K [0x0000000080000000, 0x000000009d480000, 0x00000000d5580000)
  object space 479744K, 31% used [0x0000000080000000,0x00000000893a58f8,0x000000009d480000)
 Metaspace       used 47616K, capacity 48991K, committed 49152K, reserved 1091584K
  class space    used 5862K, capacity 6138K, committed 6144K, reserved 1048576K
}

